----------------------------------------------------------------
2018-01-16 10:54:39.823 GMT:
 Booting Derby version The Apache Software Foundation - Apache Derby - 10.5.3.0 - (802917): instance a816c00e-0160-fe9b-506d-000002d576f0
on database directory D:\Web\JCRDemo3\jackrabbit\version\db  

Database Class Loader started - derby.database.classpath=''
----------------------------------------------------------------
2018-01-16 10:54:42.872 GMT:
 Booting Derby version The Apache Software Foundation - Apache Derby - 10.5.3.0 - (802917): instance 9a4840c2-0160-fe9b-506d-000002d576f0
on database directory D:\Web\JCRDemo3\jackrabbit\workspaces\default\db  

Database Class Loader started - derby.database.classpath=''
----------------------------------------------------------------
2018-01-16 10:54:45.837 GMT:
 Booting Derby version The Apache Software Foundation - Apache Derby - 10.5.3.0 - (802917): instance 247b4177-0160-fe9b-506d-000002d576f0
on database directory D:\Web\JCRDemo3\jackrabbit\workspaces\security\db  

Database Class Loader started - derby.database.classpath=''

2018-01-16 10:54:49.196 GMT:
Shutting down instance 9a4840c2-0160-fe9b-506d-000002d576f0
----------------------------------------------------------------

2018-01-16 10:54:49.674 GMT:
Shutting down instance 247b4177-0160-fe9b-506d-000002d576f0
----------------------------------------------------------------

2018-01-16 10:54:50.055 GMT:
Shutting down instance a816c00e-0160-fe9b-506d-000002d576f0
----------------------------------------------------------------
